-- Found ament_cmake: 1.3.12 (/opt/ros/humble/share/ament_cmake/cmake)
-- Found rclcpp: 16.0.14 (/opt/ros/humble/share/rclcpp/cmake)
-- Found rosidl_generator_c: 3.1.7 (/opt/ros/humble/share/rosidl_generator_c/cmake)
-- Found rosidl_adapter: 3.1.7 (/opt/ros/humble/share/rosidl_adapter/cmake)
-- Found rosidl_generator_cpp: 3.1.7 (/opt/ros/humble/share/rosidl_generator_cpp/cmake)
-- Using all available rosidl_typesupport_c: rosidl_typesupport_fastrtps_c;rosidl_typesupport_introspection_c
-- Using all available rosidl_typesupport_cpp: rosidl_typesupport_fastrtps_cpp;rosidl_typesupport_introspection_cpp
-- Found rmw_implementation_cmake: 6.1.2 (/opt/ros/humble/share/rmw_implementation_cmake/cmake)
-- Found rmw_fastrtps_cpp: 6.2.8 (/opt/ros/humble/share/rmw_fastrtps_cpp/cmake)
-- Using RMW implementation 'rmw_fastrtps_cpp' as default
-- Found serial: 1.2.1 (/ros2_ws/install/serial/share/serial/cmake)
-- Found ament_lint_auto: 0.12.14 (/opt/ros/humble/share/ament_lint_auto/cmake)
-- Added test 'cppcheck' to perform static code analysis on C / C++ code
-- Configured cppcheck include dirs: 
-- Configured cppcheck exclude dirs and/or files: 
-- Added test 'lint_cmake' to check CMake code style
-- Added test 'uncrustify' to check C / C++ code style
-- Configured uncrustify additional arguments: 
-- Added test 'xmllint' to check XML markup files
-- Configuring done
-- Generating done
-- Build files have been written to: /ros2_ws/build/uwb_localizer
[ 50%] [32mBuilding CXX object CMakeFiles/uwb_node.dir/src/uwb_node.cpp.o[0m
[01m[K/ros2_ws/uwb_localizer/src/uwb_node.cpp:[m[K In constructor â€˜[01m[KUwbNode::UwbNode()[m[Kâ€™:
[01m[K/ros2_ws/uwb_localizer/src/uwb_node.cpp:13:62:[m[K [01;31m[Kerror: [m[Kcannot bind non-const lvalue reference of type â€˜[01m[Kserial::Timeout&[m[Kâ€™ to an rvalue of type â€˜[01m[Kserial::Timeout[m[Kâ€™
   13 |             serial_.setTimeout([01;31m[Kserial::Timeout::simpleTimeout(1000)[m[K);
      |                                [01;31m[K~~~~~~~~~~~~~~~~~~~~~~~~~~~~~~^~~~~~[m[K
In file included from [01m[K/ros2_ws/uwb_localizer/src/uwb_node.cpp:3[m[K:
[01m[K/ros2_ws/install/serial/include/serial/serial.h:461:24:[m[K [01;36m[Knote: [m[K  initializing argument 1 of â€˜[01m[Kvoid serial::Serial::setTimeout(serial::Timeout&)[m[Kâ€™
  461 |   setTimeout ([01;36m[KTimeout &timeout[m[K);
      |               [01;36m[K~~~~~~~~~^~~~~~~[m[K
gmake[2]: *** [CMakeFiles/uwb_node.dir/build.make:76: CMakeFiles/uwb_node.dir/src/uwb_node.cpp.o] Error 1
gmake[1]: *** [CMakeFiles/Makefile2:137: CMakeFiles/uwb_node.dir/all] Error 2
gmake: *** [Makefile:146: all] Error 2
