[0.036s] Invoking command in '/ros2_ws/build/uwb_localizer': CMAKE_PREFIX_PATH=/opt/ros/humble /usr/bin/cmake --build /ros2_ws/build/uwb_localizer -- -j10 -l10
[0.283s] [35m[1mConsolidate compiler generated dependencies of target uwb_node[0m
[0.399s] [ 50%] [32mBuilding CXX object CMakeFiles/uwb_node.dir/src/uwb_node.cpp.o[0m
[2.047s] In file included from [01m[K/usr/include/x86_64-linux-gnu/c++/11/bits/c++allocator.h:33[m[K,
[2.047s]                  from [01m[K/usr/include/c++/11/bits/allocator.h:46[m[K,
[2.047s]                  from [01m[K/usr/include/c++/11/memory:64[m[K,
[2.047s]                  from [01m[K/opt/ros/humble/include/rclcpp/rclcpp/rclcpp.hpp:153[m[K,
[2.047s]                  from [01m[K/ros2_ws/uwb_localizer/src/uwb_node.cpp:1[m[K:
[2.048s] /usr/include/c++/11/ext/new_allocator.h: In instantiation of â€˜[01m[Kvoid __gnu_cxx::new_allocator<_Tp>::construct(_Up*, _Args&& ...) [with _Up = UwbNode; _Args = {}; _Tp = UwbNode][m[Kâ€™:
[2.048s] [01m[K/usr/include/c++/11/bits/alloc_traits.h:516:17:[m[K   required from â€˜[01m[Kstatic void std::allocator_traits<std::allocator<_Tp1> >::construct(std::allocator_traits<std::allocator<_Tp1> >::allocator_type&, _Up*, _Args&& ...) [with _Up = UwbNode; _Args = {}; _Tp = UwbNode; std::allocator_traits<std::allocator<_Tp1> >::allocator_type = std::allocator<UwbNode>][m[Kâ€™
[2.048s] [01m[K/usr/include/c++/11/bits/shared_ptr_base.h:519:39:[m[K   required from â€˜[01m[Kstd::_Sp_counted_ptr_inplace<_Tp, _Alloc, _Lp>::_Sp_counted_ptr_inplace(_Alloc, _Args&& ...) [with _Args = {}; _Tp = UwbNode; _Alloc = std::allocator<UwbNode>; __gnu_cxx::_Lock_policy _Lp = __gnu_cxx::_S_atomic][m[Kâ€™
[2.048s] [01m[K/usr/include/c++/11/bits/shared_ptr_base.h:650:16:[m[K   required from â€˜[01m[Kstd::__shared_count<_Lp>::__shared_count(_Tp*&, std::_Sp_alloc_shared_tag<_Alloc>, _Args&& ...) [with _Tp = UwbNode; _Alloc = std::allocator<UwbNode>; _Args = {}; __gnu_cxx::_Lock_policy _Lp = __gnu_cxx::_S_atomic][m[Kâ€™
[2.048s] [01m[K/usr/include/c++/11/bits/shared_ptr_base.h:1342:14:[m[K   required from â€˜[01m[Kstd::__shared_ptr<_Tp, _Lp>::__shared_ptr(std::_Sp_alloc_shared_tag<_Tp>, _Args&& ...) [with _Alloc = std::allocator<UwbNode>; _Args = {}; _Tp = UwbNode; __gnu_cxx::_Lock_policy _Lp = __gnu_cxx::_S_atomic][m[Kâ€™
[2.048s] [01m[K/usr/include/c++/11/bits/shared_ptr.h:409:59:[m[K   required from â€˜[01m[Kstd::shared_ptr<_Tp>::shared_ptr(std::_Sp_alloc_shared_tag<_Tp>, _Args&& ...) [with _Alloc = std::allocator<UwbNode>; _Args = {}; _Tp = UwbNode][m[Kâ€™
[2.048s] [01m[K/usr/include/c++/11/bits/shared_ptr.h:862:14:[m[K   required from â€˜[01m[Kstd::shared_ptr<_Tp> std::allocate_shared(const _Alloc&, _Args&& ...) [with _Tp = UwbNode; _Alloc = std::allocator<UwbNode>; _Args = {}][m[Kâ€™
[2.048s] [01m[K/usr/include/c++/11/bits/shared_ptr.h:878:39:[m[K   required from â€˜[01m[Kstd::shared_ptr<_Tp> std::make_shared(_Args&& ...) [with _Tp = UwbNode; _Args = {}][m[Kâ€™
[2.048s] [01m[K/ros2_ws/uwb_localizer/src/uwb_node.cpp:61:43:[m[K   required from here
[2.048s] [01m[K/usr/include/c++/11/ext/new_allocator.h:162:11:[m[K [01;31m[Kerror: [m[Kno matching function for call to â€˜[01m[KUwbNode::UwbNode()[m[Kâ€™
[2.049s]   162 |         { [01;31m[K::new((void *)__p) _Up(std::forward<_Args>(__args)...)[m[K; }
[2.049s]       |           [01;31m[K^~~~~~~~~~~~~~~~~~~~~~~~~~~~~~~~~~~~~~~~~~~~~~~~~~~~~~[m[K
[2.049s] [01m[K/ros2_ws/uwb_localizer/src/uwb_node.cpp:21:5:[m[K [01;36m[Knote: [m[Kcandidate: â€˜[01m[KUwbNode::UwbNode(const string&, const string&, int)[m[Kâ€™
[2.049s]    21 |     [01;36m[KUwbNode[m[K(const std::string &name, const std::string &port, int baud)
[2.049s]       |     [01;36m[K^~~~~~~[m[K
[2.049s] [01m[K/ros2_ws/uwb_localizer/src/uwb_node.cpp:21:5:[m[K [01;36m[Knote: [m[K  candidate expects 3 arguments, 0 provided
[2.186s] gmake[2]: *** [CMakeFiles/uwb_node.dir/build.make:76: CMakeFiles/uwb_node.dir/src/uwb_node.cpp.o] Error 1
[2.188s] gmake[1]: *** [CMakeFiles/Makefile2:137: CMakeFiles/uwb_node.dir/all] Error 2
[2.189s] gmake: *** [Makefile:146: all] Error 2
[2.194s] Invoked command in '/ros2_ws/build/uwb_localizer' returned '2': CMAKE_PREFIX_PATH=/opt/ros/humble /usr/bin/cmake --build /ros2_ws/build/uwb_localizer -- -j10 -l10
